<?xml version="1.0" encoding="UTF-8"?>
<!-- Generated by org.testng.reporters.JUnitReportReporter -->
<testsuite hostname="Shajith-Lenovo" failures="0" tests="1" name="tests.OrderPlacementTestcases" time="55.441" errors="0" timestamp="2025-03-22T15:21:55 IST" skipped="0">
  <testcase classname="tests.OrderPlacementTestcases" name="placeOrder" time="55.441"/>
  <system-out/>
</testsuite> <!-- tests.OrderPlacementTestcases -->
