<?xml version="1.0" encoding="UTF-8"?>
<!-- Generated by org.testng.reporters.JUnitReportReporter -->
<testsuite hostname="Shajith-Lenovo" failures="0" tests="1" name="tests.SignUpTestCase" time="66.990" errors="0" timestamp="2025-03-22T15:21:55 IST" skipped="0">
  <testcase classname="tests.SignUpTestCase" name="signup" time="66.990"/>
  <system-out/>
</testsuite> <!-- tests.SignUpTestCase -->
