<?xml version="1.0" encoding="UTF-8"?>
<!-- Generated by org.testng.reporters.JUnitReportReporter -->
<testsuite hostname="Shajith-Lenovo" failures="0" tests="1" name="tests.OrderPlacementTestcases" time="3.863" errors="0" timestamp="2025-04-05T12:42:45 IST" skipped="0">
  <testcase classname="tests.OrderPlacementTestcases" name="placeOrder" time="3.863"/>
  <system-out/>
</testsuite> <!-- tests.OrderPlacementTestcases -->
