<?xml version="1.0" encoding="UTF-8"?>
<!-- Generated by org.testng.reporters.JUnitReportReporter -->
<testsuite hostname="Shajith-Lenovo" failures="0" tests="1" name="tests.LogOutTestCase" time="1.283" errors="0" timestamp="2025-04-05T12:42:45 IST" skipped="0">
  <testcase classname="tests.LogOutTestCase" name="logout" time="1.283"/>
  <system-out/>
</testsuite> <!-- tests.LogOutTestCase -->
