<?xml version="1.0" encoding="UTF-8"?>
<!-- Generated by org.testng.reporters.JUnitReportReporter -->
<testsuite hostname="Shajith-Lenovo" failures="0" tests="1" name="utils.ReportUtils" time="0.638" errors="0" timestamp="2025-03-17T15:27:14 IST" skipped="0">
  <testcase classname="utils.ReportUtils" name="generateReports" time="0.638"/>
  <system-out/>
</testsuite> <!-- utils.ReportUtils -->
